<?xml version="1.0" encoding="UTF-8"?>
<!-- Generated by org.testng.reporters.JUnitXMLReporter -->
<testsuite ignored="0" hostname="Sanju" failures="0" tests="1" name="Test3" time="0.021" errors="0" timestamp="2023-08-31T09:21:08 IST">
  <testcase classname="Module1_login_Test.PBLoginTest" name="@BeforeClass openBrowser" time="0.001">
    <failure type="java.lang.NullPointerException">
      <![CDATA[java.lang.NullPointerException
at LibraryFiles.BaseClass.initializeBrowser(BaseClass.java:34)
at Module1_login_Test.PBLoginTest.openBrowser(PBLoginTest.java:40)
at java.base/java.util.ArrayList.forEach(ArrayList.java:1541)
... Removed 25 stack frames]]>
    </failure>
  </testcase> <!-- @BeforeClass openBrowser -->
  <testcase classname="Module1_login_Test.PBLoginTest" name="@BeforeMethod loginToApp" time="-1.693453868274E9">
    <skipped/>
  </testcase> <!-- @BeforeMethod loginToApp -->
  <testcase classname="Module1_login_Test.PBLoginTest" name="@AfterMethod logoutFromApp" time="-1.693453868282E9">
    <skipped/>
  </testcase> <!-- @AfterMethod logoutFromApp -->
  <testcase classname="Module1_login_Test.PBLoginTest" name="@AfterClass closeBrowser" time="-1.693453868286E9">
    <skipped/>
  </testcase> <!-- @AfterClass closeBrowser -->
  <testcase classname="Module1_login_Test.PBLoginTest" name="VerifyFullName" time="0.0">
    <skipped/>
  </testcase> <!-- VerifyFullName -->
</testsuite> <!-- Test3 -->
