<?xml version="1.0" encoding="UTF-8"?>
<testng-results ignored="0" total="3" passed="2" failed="0" skipped="1">
  <reporter-output>
  </reporter-output>
  <suite started-at="2023-08-31T09:20:19 IST" name="Suite" finished-at="2023-08-31T09:21:08 IST" duration-ms="48381">
    <groups>
    </groups>
    <test started-at="2023-08-31T09:20:19 IST" name="Test1" finished-at="2023-08-31T09:20:46 IST" duration-ms="26830">
      <class name="Module1_login_Test.PBLoginTest">
        <test-method is-config="true" signature="openBrowser(java.lang.String)[pri:0, instance:Module1_login_Test.PBLoginTest@201a4587]" started-at="2023-08-31T09:20:19 IST" name="openBrowser" finished-at="2023-08-31T09:20:28 IST" duration-ms="8469" status="PASS">
          <params>
            <param index="0">
              <value>
                <![CDATA[edge]]>
              </value>
            </param>
          </params>
          <reporter-output>
          </reporter-output>
        </test-method> <!-- openBrowser -->
        <test-method is-config="true" signature="loginToApp()[pri:0, instance:Module1_login_Test.PBLoginTest@201a4587]" started-at="2023-08-31T09:20:28 IST" name="loginToApp" finished-at="2023-08-31T09:20:36 IST" duration-ms="8243" status="PASS">
          <reporter-output>
          </reporter-output>
        </test-method> <!-- loginToApp -->
        <test-method signature="VerifyFullName()[pri:0, instance:Module1_login_Test.PBLoginTest@201a4587]" started-at="2023-08-31T09:20:36 IST" name="VerifyFullName" finished-at="2023-08-31T09:20:45 IST" duration-ms="9207" status="PASS">
          <reporter-output>
          </reporter-output>
        </test-method> <!-- VerifyFullName -->
        <test-method is-config="true" signature="logoutFromApp(org.testng.ITestResult)[pri:0, instance:Module1_login_Test.PBLoginTest@201a4587]" started-at="2023-08-31T09:20:45 IST" name="logoutFromApp" finished-at="2023-08-31T09:20:45 IST" duration-ms="1" status="PASS">
          <params>
            <param index="0">
              <value>
                <![CDATA[[TestResult name=VerifyFullName status=SUCCESS method=PBLoginTest.VerifyFullName()[pri:0, instance:Module1_login_Test.PBLoginTest@201a4587] output={null}]]]>
              </value>
            </param>
          </params>
          <reporter-output>
          </reporter-output>
        </test-method> <!-- logoutFromApp -->
        <test-method is-config="true" signature="closeBrowser()[pri:0, instance:Module1_login_Test.PBLoginTest@201a4587]" started-at="2023-08-31T09:20:45 IST" name="closeBrowser" finished-at="2023-08-31T09:20:46 IST" duration-ms="866" status="PASS">
          <reporter-output>
          </reporter-output>
        </test-method> <!-- closeBrowser -->
      </class> <!-- Module1_login_Test.PBLoginTest -->
    </test> <!-- Test1 -->
    <test started-at="2023-08-31T09:20:46 IST" name="Test2" finished-at="2023-08-31T09:21:08 IST" duration-ms="21490">
      <class name="Module1_login_Test.PBLoginTest">
        <test-method is-config="true" signature="openBrowser(java.lang.String)[pri:0, instance:Module1_login_Test.PBLoginTest@5677323c]" started-at="2023-08-31T09:20:46 IST" name="openBrowser" finished-at="2023-08-31T09:20:52 IST" duration-ms="6100" status="PASS">
          <params>
            <param index="0">
              <value>
                <![CDATA[chrome]]>
              </value>
            </param>
          </params>
          <reporter-output>
          </reporter-output>
        </test-method> <!-- openBrowser -->
        <test-method is-config="true" signature="loginToApp()[pri:0, instance:Module1_login_Test.PBLoginTest@5677323c]" started-at="2023-08-31T09:20:52 IST" name="loginToApp" finished-at="2023-08-31T09:21:00 IST" duration-ms="7725" status="PASS">
          <reporter-output>
          </reporter-output>
        </test-method> <!-- loginToApp -->
        <test-method signature="VerifyFullName()[pri:0, instance:Module1_login_Test.PBLoginTest@5677323c]" started-at="2023-08-31T09:21:00 IST" name="VerifyFullName" finished-at="2023-08-31T09:21:07 IST" duration-ms="6953" status="PASS">
          <reporter-output>
          </reporter-output>
        </test-method> <!-- VerifyFullName -->
        <test-method is-config="true" signature="logoutFromApp(org.testng.ITestResult)[pri:0, instance:Module1_login_Test.PBLoginTest@5677323c]" started-at="2023-08-31T09:21:07 IST" name="logoutFromApp" finished-at="2023-08-31T09:21:07 IST" duration-ms="0" status="PASS">
          <params>
            <param index="0">
              <value>
                <![CDATA[[TestResult name=VerifyFullName status=SUCCESS method=PBLoginTest.VerifyFullName()[pri:0, instance:Module1_login_Test.PBLoginTest@5677323c] output={null}]]]>
              </value>
            </param>
          </params>
          <reporter-output>
          </reporter-output>
        </test-method> <!-- logoutFromApp -->
        <test-method is-config="true" signature="closeBrowser()[pri:0, instance:Module1_login_Test.PBLoginTest@5677323c]" started-at="2023-08-31T09:21:07 IST" name="closeBrowser" finished-at="2023-08-31T09:21:08 IST" duration-ms="707" status="PASS">
          <reporter-output>
          </reporter-output>
        </test-method> <!-- closeBrowser -->
      </class> <!-- Module1_login_Test.PBLoginTest -->
    </test> <!-- Test2 -->
    <test started-at="2023-08-31T09:21:08 IST" name="Test3" finished-at="2023-08-31T09:21:08 IST" duration-ms="21">
      <class name="Module1_login_Test.PBLoginTest">
        <test-method is-config="true" signature="openBrowser(java.lang.String)[pri:0, instance:Module1_login_Test.PBLoginTest@4686afc2]" started-at="2023-08-31T09:21:08 IST" name="openBrowser" finished-at="2023-08-31T09:21:08 IST" duration-ms="1" status="FAIL">
          <params>
            <param index="0">
              <value>
                <![CDATA[firefox]]>
              </value>
            </param>
          </params>
          <exception class="java.lang.NullPointerException">
            <full-stacktrace>
              <![CDATA[java.lang.NullPointerException
at LibraryFiles.BaseClass.initializeBrowser(BaseClass.java:34)
at Module1_login_Test.PBLoginTest.openBrowser(PBLoginTest.java:40)
at java.base/jdk.internal.reflect.NativeMethodAccessorImpl.invoke0(Native Method)
at java.base/jdk.internal.reflect.NativeMethodAccessorImpl.invoke(NativeMethodAccessorImpl.java:62)
at java.base/jdk.internal.reflect.DelegatingMethodAccessorImpl.invoke(DelegatingMethodAccessorImpl.java:43)
at java.base/java.lang.reflect.Method.invoke(Method.java:566)
at org.testng.internal.MethodInvocationHelper.invokeMethod(MethodInvocationHelper.java:133)
at org.testng.internal.MethodInvocationHelper.invokeMethodConsideringTimeout(MethodInvocationHelper.java:62)
at org.testng.internal.ConfigInvoker.invokeConfigurationMethod(ConfigInvoker.java:385)
at org.testng.internal.ConfigInvoker.invokeConfigurations(ConfigInvoker.java:321)
at org.testng.internal.TestMethodWorker.invokeBeforeClassMethods(TestMethodWorker.java:176)
at org.testng.internal.TestMethodWorker.run(TestMethodWorker.java:122)
at java.base/java.util.ArrayList.forEach(ArrayList.java:1541)
at org.testng.TestRunner.privateRun(TestRunner.java:794)
at org.testng.TestRunner.run(TestRunner.java:596)
at org.testng.SuiteRunner.runTest(SuiteRunner.java:377)
at org.testng.SuiteRunner.runSequentially(SuiteRunner.java:371)
at org.testng.SuiteRunner.privateRun(SuiteRunner.java:332)
at org.testng.SuiteRunner.run(SuiteRunner.java:276)
at org.testng.SuiteRunnerWorker.runSuite(SuiteRunnerWorker.java:53)
at org.testng.SuiteRunnerWorker.run(SuiteRunnerWorker.java:96)
at org.testng.TestNG.runSuitesSequentially(TestNG.java:1212)
at org.testng.TestNG.runSuitesLocally(TestNG.java:1134)
at org.testng.TestNG.runSuites(TestNG.java:1063)
at org.testng.TestNG.run(TestNG.java:1031)
at org.testng.remote.AbstractRemoteTestNG.run(AbstractRemoteTestNG.java:115)
at org.testng.remote.RemoteTestNG.initAndRun(RemoteTestNG.java:251)
at org.testng.remote.RemoteTestNG.main(RemoteTestNG.java:77)
]]>
            </full-stacktrace>
          </exception> <!-- java.lang.NullPointerException -->
          <reporter-output>
          </reporter-output>
        </test-method> <!-- openBrowser -->
        <test-method is-config="true" signature="loginToApp()[pri:0, instance:Module1_login_Test.PBLoginTest@4686afc2]" started-at="2023-08-31T09:21:08 IST" name="loginToApp" finished-at="1970-01-01T05:30:00 IST" duration-ms="-1693453868274" status="SKIP">
          <reporter-output>
          </reporter-output>
        </test-method> <!-- loginToApp -->
        <test-method signature="VerifyFullName()[pri:0, instance:Module1_login_Test.PBLoginTest@4686afc2]" started-at="2023-08-31T09:21:08 IST" name="VerifyFullName" finished-at="2023-08-31T09:21:08 IST" duration-ms="0" status="SKIP">
          <exception class="java.lang.NullPointerException">
            <full-stacktrace>
              <![CDATA[java.lang.NullPointerException
at LibraryFiles.BaseClass.initializeBrowser(BaseClass.java:34)
at Module1_login_Test.PBLoginTest.openBrowser(PBLoginTest.java:40)
at java.base/jdk.internal.reflect.NativeMethodAccessorImpl.invoke0(Native Method)
at java.base/jdk.internal.reflect.NativeMethodAccessorImpl.invoke(NativeMethodAccessorImpl.java:62)
at java.base/jdk.internal.reflect.DelegatingMethodAccessorImpl.invoke(DelegatingMethodAccessorImpl.java:43)
at java.base/java.lang.reflect.Method.invoke(Method.java:566)
at org.testng.internal.MethodInvocationHelper.invokeMethod(MethodInvocationHelper.java:133)
at org.testng.internal.MethodInvocationHelper.invokeMethodConsideringTimeout(MethodInvocationHelper.java:62)
at org.testng.internal.ConfigInvoker.invokeConfigurationMethod(ConfigInvoker.java:385)
at org.testng.internal.ConfigInvoker.invokeConfigurations(ConfigInvoker.java:321)
at org.testng.internal.TestMethodWorker.invokeBeforeClassMethods(TestMethodWorker.java:176)
at org.testng.internal.TestMethodWorker.run(TestMethodWorker.java:122)
at java.base/java.util.ArrayList.forEach(ArrayList.java:1541)
at org.testng.TestRunner.privateRun(TestRunner.java:794)
at org.testng.TestRunner.run(TestRunner.java:596)
at org.testng.SuiteRunner.runTest(SuiteRunner.java:377)
at org.testng.SuiteRunner.runSequentially(SuiteRunner.java:371)
at org.testng.SuiteRunner.privateRun(SuiteRunner.java:332)
at org.testng.SuiteRunner.run(SuiteRunner.java:276)
at org.testng.SuiteRunnerWorker.runSuite(SuiteRunnerWorker.java:53)
at org.testng.SuiteRunnerWorker.run(SuiteRunnerWorker.java:96)
at org.testng.TestNG.runSuitesSequentially(TestNG.java:1212)
at org.testng.TestNG.runSuitesLocally(TestNG.java:1134)
at org.testng.TestNG.runSuites(TestNG.java:1063)
at org.testng.TestNG.run(TestNG.java:1031)
at org.testng.remote.AbstractRemoteTestNG.run(AbstractRemoteTestNG.java:115)
at org.testng.remote.RemoteTestNG.initAndRun(RemoteTestNG.java:251)
at org.testng.remote.RemoteTestNG.main(RemoteTestNG.java:77)
]]>
            </full-stacktrace>
          </exception> <!-- java.lang.NullPointerException -->
          <reporter-output>
          </reporter-output>
        </test-method> <!-- VerifyFullName -->
        <test-method is-config="true" signature="logoutFromApp(org.testng.ITestResult)[pri:0, instance:Module1_login_Test.PBLoginTest@4686afc2]" started-at="2023-08-31T09:21:08 IST" name="logoutFromApp" finished-at="1970-01-01T05:30:00 IST" duration-ms="-1693453868282" status="SKIP">
          <reporter-output>
          </reporter-output>
        </test-method> <!-- logoutFromApp -->
        <test-method is-config="true" signature="closeBrowser()[pri:0, instance:Module1_login_Test.PBLoginTest@4686afc2]" started-at="2023-08-31T09:21:08 IST" name="closeBrowser" finished-at="1970-01-01T05:30:00 IST" duration-ms="-1693453868286" status="SKIP">
          <reporter-output>
          </reporter-output>
        </test-method> <!-- closeBrowser -->
      </class> <!-- Module1_login_Test.PBLoginTest -->
    </test> <!-- Test3 -->
  </suite> <!-- Suite -->
</testng-results>
